<?xml version="1.0" encoding="UTF-8"?>
<coverage generated="1745412591473" clover="3.2.0">
  <project timestamp="1745412591473" name="All files">
    <metrics statements="11" coveredstatements="11" conditionals="14" coveredconditionals="13" methods="2" coveredmethods="2" elements="27" coveredelements="26" complexity="0" loc="11" ncloc="11" packages="2" files="4" classes="4"/>
    <package name="components">
      <metrics statements="9" coveredstatements="9" conditionals="12" coveredconditionals="12" methods="2" coveredmethods="2"/>
      <file name="EmployeeCard.tsx" path="/Users/sai/Desktop/Pooja/CBRE_Assessment/employee-performance-tracker/src/components/EmployeeCard.tsx">
        <metrics statements="7" coveredstatements="7" conditionals="8" coveredconditionals="8" methods="1" coveredmethods="1"/>
        <line num="7" count="1" type="stmt"/>
        <line num="8" count="2" type="stmt"/>
        <line num="9" count="2" type="cond" truecount="2" falsecount="0"/>
        <line num="10" count="2" type="cond" truecount="2" falsecount="0"/>
        <line num="11" count="2" type="cond" truecount="2" falsecount="0"/>
        <line num="15" count="2" type="cond" truecount="2" falsecount="0"/>
        <line num="16" count="2" type="stmt"/>
      </file>
      <file name="Header.tsx" path="/Users/sai/Desktop/Pooja/CBRE_Assessment/employee-performance-tracker/src/components/Header.tsx">
        <metrics statements="2" coveredstatements="2" conditionals="4" coveredconditionals="4" methods="1" coveredmethods="1"/>
        <line num="11" count="1" type="stmt"/>
        <line num="17" count="2" type="stmt"/>
      </file>
    </package>
    <package name="components.styles">
      <metrics statements="2" coveredstatements="2" conditionals="2" coveredconditionals="1" methods="0" coveredmethods="0"/>
      <file name="employeeCard.ts" path="/Users/sai/Desktop/Pooja/CBRE_Assessment/employee-performance-tracker/src/components/styles/employeeCard.ts">
        <metrics statements="1" coveredstatements="1" conditionals="0" coveredconditionals="0" methods="0" coveredmethods="0"/>
        <line num="4" count="1" type="stmt"/>
      </file>
      <file name="header.ts" path="/Users/sai/Desktop/Pooja/CBRE_Assessment/employee-performance-tracker/src/components/styles/header.ts">
        <metrics statements="1" coveredstatements="1" conditionals="2" coveredconditionals="1" methods="0" coveredmethods="0"/>
        <line num="3" count="1" type="stmt"/>
      </file>
    </package>
  </project>
</coverage>
