{"/Users/sai/Desktop/Pooja/CBRE_Assessment/employee-performance-tracker/src/components/EmployeeCard.tsx": {"path":"/Users/sai/Desktop/Pooja/CBRE_Assessment/employee-performance-tracker/src/components/EmployeeCard.tsx","statementMap":{"0":{"start":{"line":7,"column":21},"end":{"line":32,"column":1}},"1":{"start":{"line":8,"column":24},"end":{"line":8,"column":45}},"2":{"start":{"line":9,"column":17},"end":{"line":9,"column":115}},"3":{"start":{"line":10,"column":17},"end":{"line":10,"column":47}},"4":{"start":{"line":11,"column":24},"end":{"line":13,"column":30}},"5":{"start":{"line":15,"column":27},"end":{"line":15,"column":74}},"6":{"start":{"line":16,"column":4},"end":{"line":31,"column":5}}},"fnMap":{"0":{"name":"(anonymous_0)","decl":{"start":{"line":7,"column":21},"end":{"line":7,"column":22}},"loc":{"start":{"line":7,"column":60},"end":{"line":32,"column":1}},"line":7}},"branchMap":{"0":{"loc":{"start":{"line":9,"column":17},"end":{"line":9,"column":115}},"type":"cond-expr","locations":[{"start":{"line":9,"column":31},"end":{"line":9,"column":59}},{"start":{"line":9,"column":62},"end":{"line":9,"column":115}}],"line":9},"1":{"loc":{"start":{"line":10,"column":17},"end":{"line":10,"column":47}},"type":"cond-expr","locations":[{"start":{"line":10,"column":31},"end":{"line":10,"column":38}},{"start":{"line":10,"column":41},"end":{"line":10,"column":47}}],"line":10},"2":{"loc":{"start":{"line":11,"column":24},"end":{"line":13,"column":30}},"type":"cond-expr","locations":[{"start":{"line":12,"column":10},"end":{"line":12,"column":46}},{"start":{"line":13,"column":10},"end":{"line":13,"column":30}}],"line":11},"3":{"loc":{"start":{"line":15,"column":27},"end":{"line":15,"column":74}},"type":"cond-expr","locations":[{"start":{"line":15,"column":41},"end":{"line":15,"column":58}},{"start":{"line":15,"column":61},"end":{"line":15,"column":74}}],"line":15}},"s":{"0":1,"1":2,"2":2,"3":2,"4":2,"5":2,"6":2},"f":{"0":2},"b":{"0":[1,1],"1":[1,1],"2":[1,1],"3":[1,1]},"_coverageSchema":"1a1c01bbd47fc00a2c39e90264f33305004495a9","hash":"f16c8959770d7b804e1e38e104e1be2b1dfee9c1"}
,"/Users/sai/Desktop/Pooja/CBRE_Assessment/employee-performance-tracker/src/components/Header.tsx": {"path":"/Users/sai/Desktop/Pooja/CBRE_Assessment/employee-performance-tracker/src/components/Header.tsx","statementMap":{"0":{"start":{"line":11,"column":38},"end":{"line":31,"column":1}},"1":{"start":{"line":17,"column":4},"end":{"line":30,"column":6}}},"fnMap":{"0":{"name":"(anonymous_0)","decl":{"start":{"line":11,"column":38},"end":{"line":11,"column":39}},"loc":{"start":{"line":15,"column":6},"end":{"line":31,"column":1}},"line":15}},"branchMap":{"0":{"loc":{"start":{"line":13,"column":4},"end":{"line":13,"column":31}},"type":"default-arg","locations":[{"start":{"line":13,"column":22},"end":{"line":13,"column":31}}],"line":13},"1":{"loc":{"start":{"line":14,"column":4},"end":{"line":14,"column":25}},"type":"default-arg","locations":[{"start":{"line":14,"column":16},"end":{"line":14,"column":25}}],"line":14},"2":{"loc":{"start":{"line":20,"column":26},"end":{"line":20,"column":84}},"type":"cond-expr","locations":[{"start":{"line":20,"column":52},"end":{"line":20,"column":67}},{"start":{"line":20,"column":70},"end":{"line":20,"column":84}}],"line":20}},"s":{"0":1,"1":2},"f":{"0":2},"b":{"0":[1],"1":[1],"2":[1,1]},"_coverageSchema":"1a1c01bbd47fc00a2c39e90264f33305004495a9","hash":"e080a712a54ba64b1e3271cc0bac392e9324799d"}
,"/Users/sai/Desktop/Pooja/CBRE_Assessment/employee-performance-tracker/src/components/styles/employeeCard.ts": {"path":"/Users/sai/Desktop/Pooja/CBRE_Assessment/employee-performance-tracker/src/components/styles/employeeCard.ts","statementMap":{"0":{"start":{"line":4,"column":34},"end":{"line":36,"column":2}}},"fnMap":{},"branchMap":{},"s":{"0":1},"f":{},"b":{},"_coverageSchema":"1a1c01bbd47fc00a2c39e90264f33305004495a9","hash":"251f2539f1b492b537cfcb5926d762d551392bae"}
,"/Users/sai/Desktop/Pooja/CBRE_Assessment/employee-performance-tracker/src/components/styles/header.ts": {"path":"/Users/sai/Desktop/Pooja/CBRE_Assessment/employee-performance-tracker/src/components/styles/header.ts","statementMap":{"0":{"start":{"line":3,"column":28},"end":{"line":16,"column":2}}},"fnMap":{},"branchMap":{"0":{"loc":{"start":{"line":5,"column":20},"end":{"line":5,"column":75}},"type":"cond-expr","locations":[{"start":{"line":5,"column":48},"end":{"line":5,"column":71}},{"start":{"line":5,"column":74},"end":{"line":5,"column":75}}],"line":5}},"s":{"0":1},"f":{},"b":{"0":[0,1]},"_coverageSchema":"1a1c01bbd47fc00a2c39e90264f33305004495a9","hash":"4f88a65e8d74dea83c05e5f4f06f3c54a705d005"}
}
