TN:
SF:src/components/EmployeeCard.tsx
FN:7,(anonymous_0)
FNF:1
FNH:1
FNDA:2,(anonymous_0)
DA:7,1
DA:8,2
DA:9,2
DA:10,2
DA:11,2
DA:15,2
DA:16,2
LF:7
LH:7
BRDA:9,0,0,1
BRDA:9,0,1,1
BRDA:10,1,0,1
BRDA:10,1,1,1
BRDA:11,2,0,1
BRDA:11,2,1,1
BRDA:15,3,0,1
BRDA:15,3,1,1
BRF:8
BRH:8
end_of_record
TN:
SF:src/components/Header.tsx
FN:11,(anonymous_0)
FNF:1
FNH:1
FNDA:2,(anonymous_0)
DA:11,1
DA:17,2
LF:2
LH:2
BRDA:13,0,0,1
BRDA:14,1,0,1
BRDA:20,2,0,1
BRDA:20,2,1,1
BRF:4
BRH:4
end_of_record
TN:
SF:src/components/styles/employeeCard.ts
FNF:0
FNH:0
DA:4,1
LF:1
LH:1
BRF:0
BRH:0
end_of_record
TN:
SF:src/components/styles/header.ts
FNF:0
FNH:0
DA:3,1
LF:1
LH:1
BRDA:5,0,0,0
BRDA:5,0,1,1
BRF:2
BRH:1
end_of_record
